c:\users\alex\proyectos de programacion i\progra #1 proyecto #2\progra #1 proyecto #2\x64\release\vc143.pdb
c:\users\alex\proyectos de programacion i\progra #1 proyecto #2\progra #1 proyecto #2\x64\release\program.obj
c:\users\alex\proyectos de programacion i\progra #1 proyecto #2\progra #1 proyecto #2\x64\release\main.obj
c:\users\alex\proyectos de programacion i\progra #1 proyecto #2\progra #1 proyecto #2\x64\release\graphics.obj
c:\users\alex\proyectos de programacion i\progra #1 proyecto #2\progra #1 proyecto #2\x64\release\rutenode.obj
c:\users\alex\proyectos de programacion i\progra #1 proyecto #2\progra #1 proyecto #2\x64\release\pointnode.obj
c:\users\alex\proyectos de programacion i\progra #1 proyecto #2\progra #1 proyecto #2\x64\release\filemanager.obj
c:\users\alex\proyectos de programacion i\progra #1 proyecto #2\x64\release\progra #1 proyecto #2.exe
c:\users\alex\proyectos de programacion i\progra #1 proyecto #2\x64\release\progra #1 proyecto #2.pdb
c:\users\alex\proyectos de programacion i\progra #1 proyecto #2\progra #1 proyecto #2\x64\release\progra #1 proyecto #2.ipdb
c:\users\alex\proyectos de programacion i\progra #1 proyecto #2\progra #1 proyecto #2\x64\release\progra #1 proyecto #2.iobj
c:\users\alex\proyectos de programacion i\progra #1 proyecto #2\progra #1 proyecto #2\x64\release\routelist.obj
c:\users\alex\proyectos de programacion i\progra #1 proyecto #2\progra #1 proyecto #2\x64\release\progra #.bd86e1ac.tlog\cl.command.1.tlog
c:\users\alex\proyectos de programacion i\progra #1 proyecto #2\progra #1 proyecto #2\x64\release\progra #.bd86e1ac.tlog\cl.items.tlog
c:\users\alex\proyectos de programacion i\progra #1 proyecto #2\progra #1 proyecto #2\x64\release\progra #.bd86e1ac.tlog\cl.read.1.tlog
c:\users\alex\proyectos de programacion i\progra #1 proyecto #2\progra #1 proyecto #2\x64\release\progra #.bd86e1ac.tlog\cl.write.1.tlog
c:\users\alex\proyectos de programacion i\progra #1 proyecto #2\progra #1 proyecto #2\x64\release\progra #.bd86e1ac.tlog\link.command.1.tlog
c:\users\alex\proyectos de programacion i\progra #1 proyecto #2\progra #1 proyecto #2\x64\release\progra #.bd86e1ac.tlog\link.read.1.tlog
c:\users\alex\proyectos de programacion i\progra #1 proyecto #2\progra #1 proyecto #2\x64\release\progra #.bd86e1ac.tlog\link.secondary.1.tlog
c:\users\alex\proyectos de programacion i\progra #1 proyecto #2\progra #1 proyecto #2\x64\release\progra #.bd86e1ac.tlog\link.write.1.tlog
